Connecting to database specified by database.yml
  [1m[36m (0.1ms)[0m  [1mselect sqlite_version(*)[0m
  [1m[35m (32.0ms)[0m  CREATE TABLE "schema_migrations" ("version" varchar(255) NOT NULL) 
  [1m[36m (13.8ms)[0m  [1mCREATE UNIQUE INDEX "unique_schema_migrations" ON "schema_migrations" ("version")[0m
  [1m[35m (6.1ms)[0m  SELECT "schema_migrations"."version" FROM "schema_migrations" 
Migrating to CreateMovies (20111119180638)
  [1m[36m (0.2ms)[0m  [1mbegin transaction[0m
  [1m[35m (1.2ms)[0m  CREATE TABLE "movies" ("id" INTEGER PRIMARY KEY AUTOINCREMENT NOT NULL, "title" varchar(255), "rating" varchar(255), "description" text, "release_date" datetime, "created_at" datetime NOT NULL, "updated_at" datetime NOT NULL) 
  [1m[36m (0.5ms)[0m  [1mINSERT INTO "schema_migrations" ("version") VALUES ('20111119180638')[0m
  [1m[35m (13.8ms)[0m  commit transaction
  [1m[36m (0.6ms)[0m  [1mSELECT "schema_migrations"."version" FROM "schema_migrations" [0m
Connecting to database specified by database.yml
  [1m[36m (1.4ms)[0m  [1mSELECT "schema_migrations"."version" FROM "schema_migrations" [0m
  [1m[35m (0.1ms)[0m  begin transaction
  [1m[36mSQL (3.7ms)[0m  [1mINSERT INTO "movies" ("created_at", "description", "rating", "release_date", "title", "updated_at") VALUES (?, ?, ?, ?, ?, ?)[0m  [["created_at", Fri, 28 Nov 2014 16:26:27 UTC +00:00], ["description", nil], ["rating", "G"], ["release_date", Wed, 25 Nov 1992 00:00:00 UTC +00:00], ["title", "Aladdin"], ["updated_at", Fri, 28 Nov 2014 16:26:27 UTC +00:00]]
  [1m[35m (21.0ms)[0m  commit transaction
  [1m[36m (0.1ms)[0m  [1mbegin transaction[0m
  [1m[35mSQL (1.0ms)[0m  INSERT INTO "movies" ("created_at", "description", "rating", "release_date", "title", "updated_at") VALUES (?, ?, ?, ?, ?, ?)  [["created_at", Fri, 28 Nov 2014 16:26:27 UTC +00:00], ["description", nil], ["rating", "R"], ["release_date", Fri, 26 Oct 1984 00:00:00 UTC +00:00], ["title", "The Terminator"], ["updated_at", Fri, 28 Nov 2014 16:26:27 UTC +00:00]]
  [1m[36m (15.2ms)[0m  [1mcommit transaction[0m
  [1m[35m (0.2ms)[0m  begin transaction
  [1m[36mSQL (1.8ms)[0m  [1mINSERT INTO "movies" ("created_at", "description", "rating", "release_date", "title", "updated_at") VALUES (?, ?, ?, ?, ?, ?)[0m  [["created_at", Fri, 28 Nov 2014 16:26:27 UTC +00:00], ["description", nil], ["rating", "R"], ["release_date", Fri, 21 Jul 1989 00:00:00 UTC +00:00], ["title", "When Harry Met Sally"], ["updated_at", Fri, 28 Nov 2014 16:26:27 UTC +00:00]]
  [1m[35m (18.0ms)[0m  commit transaction
  [1m[36m (0.1ms)[0m  [1mbegin transaction[0m
  [1m[35mSQL (0.1ms)[0m  INSERT INTO "movies" ("created_at", "description", "rating", "release_date", "title", "updated_at") VALUES (?, ?, ?, ?, ?, ?)  [["created_at", Fri, 28 Nov 2014 16:26:27 UTC +00:00], ["description", nil], ["rating", "PG-13"], ["release_date", Wed, 10 Aug 2011 00:00:00 UTC +00:00], ["title", "The Help"], ["updated_at", Fri, 28 Nov 2014 16:26:27 UTC +00:00]]
  [1m[36m (14.8ms)[0m  [1mcommit transaction[0m
  [1m[35m (0.1ms)[0m  begin transaction
  [1m[36mSQL (0.3ms)[0m  [1mINSERT INTO "movies" ("created_at", "description", "rating", "release_date", "title", "updated_at") VALUES (?, ?, ?, ?, ?, ?)[0m  [["created_at", Fri, 28 Nov 2014 16:26:27 UTC +00:00], ["description", nil], ["rating", "PG-13"], ["release_date", Fri, 05 Jan 2001 00:00:00 UTC +00:00], ["title", "Chocolat"], ["updated_at", Fri, 28 Nov 2014 16:26:27 UTC +00:00]]
  [1m[35m (15.4ms)[0m  commit transaction
  [1m[36m (0.2ms)[0m  [1mbegin transaction[0m
  [1m[35mSQL (1.0ms)[0m  INSERT INTO "movies" ("created_at", "description", "rating", "release_date", "title", "updated_at") VALUES (?, ?, ?, ?, ?, ?)  [["created_at", Fri, 28 Nov 2014 16:26:27 UTC +00:00], ["description", nil], ["rating", "R"], ["release_date", Wed, 25 Apr 2001 00:00:00 UTC +00:00], ["title", "Amelie"], ["updated_at", Fri, 28 Nov 2014 16:26:27 UTC +00:00]]
  [1m[36m (18.9ms)[0m  [1mcommit transaction[0m
  [1m[35m (0.1ms)[0m  begin transaction
  [1m[36mSQL (0.3ms)[0m  [1mINSERT INTO "movies" ("created_at", "description", "rating", "release_date", "title", "updated_at") VALUES (?, ?, ?, ?, ?, ?)[0m  [["created_at", Fri, 28 Nov 2014 16:26:28 UTC +00:00], ["description", nil], ["rating", "G"], ["release_date", Sat, 06 Apr 1968 00:00:00 UTC +00:00], ["title", "2001: A Space Odyssey"], ["updated_at", Fri, 28 Nov 2014 16:26:28 UTC +00:00]]
  [1m[35m (11.1ms)[0m  commit transaction
  [1m[36m (0.1ms)[0m  [1mbegin transaction[0m
  [1m[35mSQL (0.3ms)[0m  INSERT INTO "movies" ("created_at", "description", "rating", "release_date", "title", "updated_at") VALUES (?, ?, ?, ?, ?, ?)  [["created_at", Fri, 28 Nov 2014 16:26:28 UTC +00:00], ["description", nil], ["rating", "PG"], ["release_date", Fri, 05 Nov 2004 00:00:00 UTC +00:00], ["title", "The Incredibles"], ["updated_at", Fri, 28 Nov 2014 16:26:28 UTC +00:00]]
  [1m[36m (12.7ms)[0m  [1mcommit transaction[0m
  [1m[35m (0.1ms)[0m  begin transaction
  [1m[36mSQL (0.2ms)[0m  [1mINSERT INTO "movies" ("created_at", "description", "rating", "release_date", "title", "updated_at") VALUES (?, ?, ?, ?, ?, ?)[0m  [["created_at", Fri, 28 Nov 2014 16:26:28 UTC +00:00], ["description", nil], ["rating", "PG"], ["release_date", Fri, 12 Jun 1981 00:00:00 UTC +00:00], ["title", "Raiders of the Lost Ark"], ["updated_at", Fri, 28 Nov 2014 16:26:28 UTC +00:00]]
  [1m[35m (11.7ms)[0m  commit transaction
  [1m[36m (0.1ms)[0m  [1mbegin transaction[0m
  [1m[35mSQL (0.1ms)[0m  INSERT INTO "movies" ("created_at", "description", "rating", "release_date", "title", "updated_at") VALUES (?, ?, ?, ?, ?, ?)  [["created_at", Fri, 28 Nov 2014 16:26:28 UTC +00:00], ["description", nil], ["rating", "G"], ["release_date", Wed, 21 Jun 2000 00:00:00 UTC +00:00], ["title", "Chicken Run"], ["updated_at", Fri, 28 Nov 2014 16:26:28 UTC +00:00]]
  [1m[36m (12.1ms)[0m  [1mcommit transaction[0m


Started GET "/assets/rails.png" for 127.0.0.1 at 2014-11-28 21:56:44 +0530
Connecting to database specified by database.yml
Served asset /rails.png - 200 OK (15ms)
Connecting to database specified by database.yml


Started GET "/assets/rails.png" for 127.0.0.1 at 2014-11-28 22:01:07 +0530
Served asset /rails.png - 304 Not Modified (0ms)


Started GET "/assets/rails.png" for 127.0.0.1 at 2014-11-28 22:01:31 +0530
Served asset /rails.png - 304 Not Modified (0ms)


Started GET "/show" for 127.0.0.1 at 2014-11-28 22:01:35 +0530

ActionController::RoutingError (No route matches [GET] "/show"):
  actionpack (3.2.18) lib/action_dispatch/middleware/debug_exceptions.rb:21:in `call'
  actionpack (3.2.18) lib/action_dispatch/middleware/show_exceptions.rb:56:in `call'
  railties (3.2.18) lib/rails/rack/logger.rb:32:in `call_app'
  railties (3.2.18) lib/rails/rack/logger.rb:16:in `block in call'
  activesupport (3.2.18) lib/active_support/tagged_logging.rb:22:in `tagged'
  railties (3.2.18) lib/rails/rack/logger.rb:16:in `call'
  actionpack (3.2.18) lib/action_dispatch/middleware/request_id.rb:22:in `call'
  rack (1.4.5) lib/rack/methodoverride.rb:21:in `call'
  rack (1.4.5) lib/rack/runtime.rb:17:in `call'
  activesupport (3.2.18) lib/active_support/cache/strategy/local_cache.rb:72:in `call'
  rack (1.4.5) lib/rack/lock.rb:15:in `call'
  actionpack (3.2.18) lib/action_dispatch/middleware/static.rb:63:in `call'
  railties (3.2.18) lib/rails/engine.rb:484:in `call'
  railties (3.2.18) lib/rails/application.rb:231:in `call'
  rack (1.4.5) lib/rack/content_length.rb:14:in `call'
  railties (3.2.18) lib/rails/rack/log_tailer.rb:17:in `call'
  rack (1.4.5) lib/rack/handler/webrick.rb:59:in `service'
  /home/saasbook/.rvm/rubies/ruby-1.9.3-p448/lib/ruby/1.9.1/webrick/httpserver.rb:138:in `service'
  /home/saasbook/.rvm/rubies/ruby-1.9.3-p448/lib/ruby/1.9.1/webrick/httpserver.rb:94:in `run'
  /home/saasbook/.rvm/rubies/ruby-1.9.3-p448/lib/ruby/1.9.1/webrick/server.rb:191:in `block in start_thread'


  Rendered /home/saasbook/.rvm/gems/ruby-1.9.3-p448/gems/actionpack-3.2.18/lib/action_dispatch/middleware/templates/rescues/routing_error.erb within rescues/layout (3.8ms)


Started GET "/movies" for 127.0.0.1 at 2014-11-28 22:01:47 +0530
Processing by MoviesController#index as HTML
  [1m[36mMovie Load (0.1ms)[0m  [1mSELECT "movies".* FROM "movies" [0m
  Rendered movies/index.html.haml within layouts/application (35.0ms)
Compiled application.css  (2ms)  (pid 25039)
Compiled jquery.js  (1ms)  (pid 25039)
Compiled jquery_ujs.js  (0ms)  (pid 25039)
Compiled application.js  (90ms)  (pid 25039)
Completed 200 OK in 281.0ms (Views: 185.9ms | ActiveRecord: 2.8ms)


Started GET "/assets/application.css?body=1" for 127.0.0.1 at 2014-11-28 22:01:48 +0530
Served asset /application.css - 200 OK (4ms)


Started GET "/assets/jquery.js?body=1" for 127.0.0.1 at 2014-11-28 22:01:48 +0530
Served asset /jquery.js - 200 OK (10ms)


Started GET "/assets/jquery_ujs.js?body=1" for 127.0.0.1 at 2014-11-28 22:01:48 +0530
Served asset /jquery_ujs.js - 200 OK (2ms)


Started GET "/assets/application.js?body=1" for 127.0.0.1 at 2014-11-28 22:01:48 +0530
Served asset /application.js - 200 OK (17ms)


Started GET "/movies" for 127.0.0.1 at 2014-11-28 23:41:01 +0530
Processing by MoviesController#index as HTML
  [1m[35mMovie Load (7.8ms)[0m  SELECT "movies".* FROM "movies" 
  Rendered movies/index.html.haml within layouts/application (5.8ms)
Completed 200 OK in 40.9ms (Views: 31.8ms | ActiveRecord: 7.8ms)


Started GET "/assets/application.css?body=1" for 127.0.0.1 at 2014-11-28 23:41:01 +0530
Served asset /application.css - 304 Not Modified (1ms)


Started GET "/assets/jquery.js?body=1" for 127.0.0.1 at 2014-11-28 23:41:01 +0530
Served asset /jquery.js - 304 Not Modified (0ms)


Started GET "/assets/jquery_ujs.js?body=1" for 127.0.0.1 at 2014-11-28 23:41:01 +0530
Served asset /jquery_ujs.js - 304 Not Modified (16ms)


Started GET "/assets/application.js?body=1" for 127.0.0.1 at 2014-11-28 23:41:01 +0530
Served asset /application.js - 304 Not Modified (11ms)


Started GET "/movies" for 127.0.0.1 at 2014-11-28 23:42:43 +0530
Processing by MoviesController#index as HTML
  [1m[36mMovie Load (0.3ms)[0m  [1mSELECT "movies".* FROM "movies" [0m
  Rendered movies/index.html.haml within layouts/application (13.2ms)
Completed 200 OK in 22.4ms (Views: 21.0ms | ActiveRecord: 0.3ms)


Started GET "/assets/application.css?body=1" for 127.0.0.1 at 2014-11-28 23:42:44 +0530
Served asset /application.css - 304 Not Modified (0ms)


Started GET "/assets/jquery.js?body=1" for 127.0.0.1 at 2014-11-28 23:42:44 +0530
Served asset /jquery.js - 304 Not Modified (0ms)


Started GET "/assets/jquery_ujs.js?body=1" for 127.0.0.1 at 2014-11-28 23:42:44 +0530
Served asset /jquery_ujs.js - 304 Not Modified (0ms)


Started GET "/assets/application.js?body=1" for 127.0.0.1 at 2014-11-28 23:42:44 +0530
Served asset /application.js - 304 Not Modified (3ms)


Started GET "/movies" for 127.0.0.1 at 2014-11-28 23:42:58 +0530
Processing by MoviesController#index as HTML
  [1m[35mMovie Load (0.2ms)[0m  SELECT "movies".* FROM "movies" 
  Rendered movies/index.html.haml within layouts/application (8.4ms)
Completed 200 OK in 22.6ms (Views: 17.2ms | ActiveRecord: 0.2ms)


Started GET "/assets/application.css?body=1" for 127.0.0.1 at 2014-11-28 23:42:58 +0530
Served asset /application.css - 304 Not Modified (0ms)


Started GET "/assets/jquery.js?body=1" for 127.0.0.1 at 2014-11-28 23:42:58 +0530
Served asset /jquery.js - 304 Not Modified (0ms)


Started GET "/assets/jquery_ujs.js?body=1" for 127.0.0.1 at 2014-11-28 23:42:58 +0530
Served asset /jquery_ujs.js - 304 Not Modified (4ms)


Started GET "/assets/application.js?body=1" for 127.0.0.1 at 2014-11-28 23:42:58 +0530
Served asset /application.js - 304 Not Modified (2ms)


Started GET "/movies" for 127.0.0.1 at 2014-11-28 23:43:00 +0530
Processing by MoviesController#index as HTML
  [1m[36mMovie Load (0.3ms)[0m  [1mSELECT "movies".* FROM "movies" [0m
  Rendered movies/index.html.haml within layouts/application (3.5ms)
Completed 200 OK in 25.3ms (Views: 23.8ms | ActiveRecord: 0.3ms)


Started GET "/assets/application.css?body=1" for 127.0.0.1 at 2014-11-28 23:43:00 +0530
Served asset /application.css - 304 Not Modified (4ms)


Started GET "/assets/jquery.js?body=1" for 127.0.0.1 at 2014-11-28 23:43:00 +0530
Served asset /jquery.js - 304 Not Modified (1ms)


Started GET "/assets/jquery_ujs.js?body=1" for 127.0.0.1 at 2014-11-28 23:43:00 +0530
Served asset /jquery_ujs.js - 304 Not Modified (0ms)


Started GET "/assets/application.js?body=1" for 127.0.0.1 at 2014-11-28 23:43:00 +0530
Served asset /application.js - 304 Not Modified (71ms)


Started GET "/movies" for 127.0.0.1 at 2014-11-28 23:43:00 +0530
Processing by MoviesController#index as HTML
  [1m[35mMovie Load (0.2ms)[0m  SELECT "movies".* FROM "movies" 
  Rendered movies/index.html.haml within layouts/application (9.3ms)
Completed 200 OK in 24.8ms (Views: 21.5ms | ActiveRecord: 0.2ms)


Started GET "/assets/application.css?body=1" for 127.0.0.1 at 2014-11-28 23:43:00 +0530
Served asset /application.css - 304 Not Modified (0ms)


Started GET "/assets/jquery.js?body=1" for 127.0.0.1 at 2014-11-28 23:43:00 +0530
Served asset /jquery.js - 304 Not Modified (0ms)


Started GET "/assets/jquery_ujs.js?body=1" for 127.0.0.1 at 2014-11-28 23:43:00 +0530
Served asset /jquery_ujs.js - 304 Not Modified (0ms)


Started GET "/assets/application.js?body=1" for 127.0.0.1 at 2014-11-28 23:43:00 +0530
Served asset /application.js - 304 Not Modified (7ms)


Started GET "/movies" for 127.0.0.1 at 2014-11-28 23:43:01 +0530
Processing by MoviesController#index as HTML
  [1m[36mMovie Load (0.2ms)[0m  [1mSELECT "movies".* FROM "movies" [0m
  Rendered movies/index.html.haml within layouts/application (11.3ms)
Completed 200 OK in 28.2ms (Views: 26.9ms | ActiveRecord: 0.2ms)


Started GET "/assets/application.css?body=1" for 127.0.0.1 at 2014-11-28 23:43:01 +0530
Served asset /application.css - 304 Not Modified (3ms)


Started GET "/assets/jquery.js?body=1" for 127.0.0.1 at 2014-11-28 23:43:01 +0530
Served asset /jquery.js - 304 Not Modified (0ms)


Started GET "/assets/jquery_ujs.js?body=1" for 127.0.0.1 at 2014-11-28 23:43:01 +0530
Served asset /jquery_ujs.js - 304 Not Modified (0ms)


Started GET "/assets/application.js?body=1" for 127.0.0.1 at 2014-11-28 23:43:01 +0530
Served asset /application.js - 304 Not Modified (6ms)


Started GET "/assets/rails.png" for 127.0.0.1 at 2014-11-30 11:41:48 +0530
Connecting to database specified by database.yml
Served asset /rails.png - 304 Not Modified (70ms)


Started GET "/movies" for 127.0.0.1 at 2014-11-30 11:41:55 +0530
Processing by MoviesController#index as HTML
  [1m[36mMovie Load (0.2ms)[0m  [1mSELECT "movies".* FROM "movies" [0m
  Rendered movies/index.html.haml within layouts/application (103.4ms)
Compiled application.css  (1ms)  (pid 27842)
Completed 200 OK in 684.7ms (Views: 530.3ms | ActiveRecord: 2.9ms)


Started GET "/assets/application.css?body=1" for 127.0.0.1 at 2014-11-30 11:41:56 +0530
Served asset /application.css - 304 Not Modified (6ms)


Started GET "/assets/application.js?body=1" for 127.0.0.1 at 2014-11-30 11:41:56 +0530
Served asset /application.js - 304 Not Modified (18ms)


Started GET "/assets/jquery_ujs.js?body=1" for 127.0.0.1 at 2014-11-30 11:41:56 +0530
Served asset /jquery_ujs.js - 304 Not Modified (19ms)


Started GET "/assets/jquery.js?body=1" for 127.0.0.1 at 2014-11-30 11:41:56 +0530
Served asset /jquery.js - 304 Not Modified (2ms)


Started GET "/movies?id=title_header&sort=title" for 127.0.0.1 at 2014-11-30 11:41:59 +0530
Processing by MoviesController#index as HTML
  Parameters: {"id"=>"title_header", "sort"=>"title"}
  [1m[35mMovie Load (0.1ms)[0m  SELECT "movies".* FROM "movies" ORDER BY title
  Rendered movies/index.html.haml within layouts/application (6.2ms)
Completed 200 OK in 14.2ms (Views: 13.8ms | ActiveRecord: 0.1ms)


Started GET "/assets/application.css?body=1" for 127.0.0.1 at 2014-11-30 11:41:59 +0530
Served asset /application.css - 304 Not Modified (0ms)


Started GET "/assets/jquery.js?body=1" for 127.0.0.1 at 2014-11-30 11:41:59 +0530
Served asset /jquery.js - 304 Not Modified (2ms)


Started GET "/assets/jquery_ujs.js?body=1" for 127.0.0.1 at 2014-11-30 11:41:59 +0530
Served asset /jquery_ujs.js - 304 Not Modified (0ms)


Started GET "/assets/application.js?body=1" for 127.0.0.1 at 2014-11-30 11:41:59 +0530
Served asset /application.js - 304 Not Modified (1ms)


Started GET "/movies?sort=release_date" for 127.0.0.1 at 2014-11-30 11:42:01 +0530
Processing by MoviesController#index as HTML
  Parameters: {"sort"=>"release_date"}
  [1m[36mMovie Load (0.2ms)[0m  [1mSELECT "movies".* FROM "movies" ORDER BY release_date[0m
  Rendered movies/index.html.haml within layouts/application (4.9ms)
Completed 200 OK in 13.3ms (Views: 12.7ms | ActiveRecord: 0.2ms)


Started GET "/assets/application.css?body=1" for 127.0.0.1 at 2014-11-30 11:42:01 +0530
Served asset /application.css - 304 Not Modified (0ms)


Started GET "/assets/jquery.js?body=1" for 127.0.0.1 at 2014-11-30 11:42:01 +0530
Served asset /jquery.js - 304 Not Modified (2ms)


Started GET "/assets/jquery_ujs.js?body=1" for 127.0.0.1 at 2014-11-30 11:42:01 +0530
Served asset /jquery_ujs.js - 304 Not Modified (0ms)


Started GET "/assets/application.js?body=1" for 127.0.0.1 at 2014-11-30 11:42:01 +0530
Served asset /application.js - 304 Not Modified (53ms)


Started GET "/movies?id=title_header&sort=title" for 127.0.0.1 at 2014-11-30 11:42:03 +0530
Processing by MoviesController#index as HTML
  Parameters: {"id"=>"title_header", "sort"=>"title"}
  [1m[35mMovie Load (0.3ms)[0m  SELECT "movies".* FROM "movies" ORDER BY title
  Rendered movies/index.html.haml within layouts/application (10.1ms)
Completed 200 OK in 21.0ms (Views: 20.4ms | ActiveRecord: 0.3ms)


Started GET "/assets/application.css?body=1" for 127.0.0.1 at 2014-11-30 11:42:03 +0530
Served asset /application.css - 304 Not Modified (0ms)


Started GET "/assets/jquery.js?body=1" for 127.0.0.1 at 2014-11-30 11:42:03 +0530
Served asset /jquery.js - 304 Not Modified (3ms)


Started GET "/assets/jquery_ujs.js?body=1" for 127.0.0.1 at 2014-11-30 11:42:03 +0530
Served asset /jquery_ujs.js - 304 Not Modified (0ms)


Started GET "/assets/application.js?body=1" for 127.0.0.1 at 2014-11-30 11:42:03 +0530
Served asset /application.js - 304 Not Modified (1ms)


Started GET "/movies?sort=release_date" for 127.0.0.1 at 2014-11-30 11:42:05 +0530
Processing by MoviesController#index as HTML
  Parameters: {"sort"=>"release_date"}
  [1m[36mMovie Load (0.2ms)[0m  [1mSELECT "movies".* FROM "movies" ORDER BY release_date[0m
  Rendered movies/index.html.haml within layouts/application (11.7ms)
Completed 200 OK in 19.6ms (Views: 19.1ms | ActiveRecord: 0.2ms)


Started GET "/assets/application.css?body=1" for 127.0.0.1 at 2014-11-30 11:42:05 +0530
Served asset /application.css - 304 Not Modified (0ms)


Started GET "/assets/jquery.js?body=1" for 127.0.0.1 at 2014-11-30 11:42:05 +0530
Served asset /jquery.js - 304 Not Modified (0ms)


Started GET "/assets/jquery_ujs.js?body=1" for 127.0.0.1 at 2014-11-30 11:42:05 +0530
Served asset /jquery_ujs.js - 304 Not Modified (0ms)


Started GET "/assets/application.js?body=1" for 127.0.0.1 at 2014-11-30 11:42:05 +0530
Served asset /application.js - 304 Not Modified (5ms)


Started GET "/assets/rails.png" for 127.0.0.1 at 2014-11-30 12:29:07 +0530
Connecting to database specified by database.yml
Served asset /rails.png - 304 Not Modified (122ms)


Started GET "/movies" for 127.0.0.1 at 2014-11-30 12:29:11 +0530
Processing by MoviesController#index as HTML
  [1m[36mMovie Load (0.2ms)[0m  [1mSELECT "movies".* FROM "movies" [0m
  Rendered movies/index.html.haml within layouts/application (111.7ms)
Completed 200 OK in 706.5ms (Views: 462.3ms | ActiveRecord: 15.2ms)


Started GET "/assets/application.css?body=1" for 127.0.0.1 at 2014-11-30 12:29:13 +0530
Served asset /application.css - 304 Not Modified (23ms)


Started GET "/assets/jquery.js?body=1" for 127.0.0.1 at 2014-11-30 12:29:13 +0530
Served asset /jquery.js - 304 Not Modified (17ms)


Started GET "/assets/application.js?body=1" for 127.0.0.1 at 2014-11-30 12:29:13 +0530
Served asset /application.js - 304 Not Modified (11ms)


Started GET "/assets/jquery_ujs.js?body=1" for 127.0.0.1 at 2014-11-30 12:29:13 +0530
Served asset /jquery_ujs.js - 304 Not Modified (3ms)


Started GET "/movies" for 127.0.0.1 at 2014-11-30 12:34:14 +0530
Processing by MoviesController#index as HTML
  [1m[35mMovie Load (6.7ms)[0m  SELECT "movies".* FROM "movies" 
  Rendered movies/index.html.haml within layouts/application (18.7ms)
Completed 200 OK in 47.5ms (Views: 38.5ms | ActiveRecord: 7.1ms)


Started GET "/assets/application.css?body=1" for 127.0.0.1 at 2014-11-30 12:34:14 +0530
Served asset /application.css - 304 Not Modified (2ms)


Started GET "/assets/jquery_ujs.js?body=1" for 127.0.0.1 at 2014-11-30 12:34:14 +0530
Served asset /jquery_ujs.js - 304 Not Modified (0ms)


Started GET "/assets/application.js?body=1" for 127.0.0.1 at 2014-11-30 12:34:14 +0530
Served asset /application.js - 304 Not Modified (1ms)


Started GET "/assets/jquery.js?body=1" for 127.0.0.1 at 2014-11-30 12:34:14 +0530
Served asset /jquery.js - 304 Not Modified (0ms)


Started GET "/assets/rails.png" for 127.0.0.1 at 2014-11-30 12:34:18 +0530
Served asset /rails.png - 304 Not Modified (9ms)


Started GET "/movies" for 127.0.0.1 at 2014-11-30 12:34:24 +0530
Processing by MoviesController#index as HTML
  [1m[36mMovie Load (0.0ms)[0m  [1mSELECT "movies".* FROM "movies" [0m
  Rendered movies/index.html.haml within layouts/application (14.7ms)
Completed 200 OK in 21.9ms (Views: 21.7ms | ActiveRecord: 0.0ms)


Started GET "/assets/application.css?body=1" for 127.0.0.1 at 2014-11-30 12:34:24 +0530
Served asset /application.css - 304 Not Modified (0ms)


Started GET "/assets/jquery.js?body=1" for 127.0.0.1 at 2014-11-30 12:34:24 +0530
Served asset /jquery.js - 304 Not Modified (0ms)


Started GET "/assets/jquery_ujs.js?body=1" for 127.0.0.1 at 2014-11-30 12:34:24 +0530
Served asset /jquery_ujs.js - 304 Not Modified (3ms)


Started GET "/assets/application.js?body=1" for 127.0.0.1 at 2014-11-30 12:34:24 +0530
Served asset /application.js - 304 Not Modified (4ms)


Started GET "/assets/rails.png" for 127.0.0.1 at 2014-11-30 12:43:04 +0530
Connecting to database specified by database.yml
Served asset /rails.png - 304 Not Modified (17ms)


Started GET "/movies" for 127.0.0.1 at 2014-11-30 12:43:07 +0530
Processing by MoviesController#index as HTML
  Rendered movies/index.html.haml within layouts/application (26.9ms)
Completed 500 Internal Server Error in 206.9ms

ActionView::Template::Error (Illegal nesting: content can't be both given on the same line as %h1 and nested within it.):
    1: -#  This file is app/views/movies/index.html.haml
    2: %h1 All Movies
    3: 
    4:   = form_tag movies_path, :method => :get do
    5:     Include:
    6:     - @all_ratings.each do |rating|
    7:       = rating
  app/views/movies/index.html.haml:4


  Rendered /home/saasbook/.rvm/gems/ruby-1.9.3-p448/gems/actionpack-3.2.18/lib/action_dispatch/middleware/templates/rescues/_trace.erb (1.3ms)
  Rendered /home/saasbook/.rvm/gems/ruby-1.9.3-p448/gems/actionpack-3.2.18/lib/action_dispatch/middleware/templates/rescues/_request_and_response.erb (0.9ms)
  Rendered /home/saasbook/.rvm/gems/ruby-1.9.3-p448/gems/actionpack-3.2.18/lib/action_dispatch/middleware/templates/rescues/template_error.erb within rescues/layout (21.2ms)


Started GET "/movies" for 127.0.0.1 at 2014-11-30 12:47:24 +0530
Processing by MoviesController#index as HTML
  Rendered movies/index.html.haml within layouts/application (4.4ms)
Completed 500 Internal Server Error in 18.5ms

ActionView::Template::Error (undefined method `each' for nil:NilClass):
    3: 
    4: = form_tag movies_path, :method => :get do
    5:   Include:
    6:   - @all_ratings.each do |rating|
    7:     = rating
    8:     = check_box_tag "ratings[#{rating}]"
    9:   = submit_tag 'Refresh'
  app/views/movies/index.html.haml:6:in `block in _app_views_movies_index_html_haml___624514627__632830658'
  app/views/movies/index.html.haml:4:in `_app_views_movies_index_html_haml___624514627__632830658'


  Rendered /home/saasbook/.rvm/gems/ruby-1.9.3-p448/gems/actionpack-3.2.18/lib/action_dispatch/middleware/templates/rescues/_trace.erb (1.2ms)
  Rendered /home/saasbook/.rvm/gems/ruby-1.9.3-p448/gems/actionpack-3.2.18/lib/action_dispatch/middleware/templates/rescues/_request_and_response.erb (2.0ms)
  Rendered /home/saasbook/.rvm/gems/ruby-1.9.3-p448/gems/actionpack-3.2.18/lib/action_dispatch/middleware/templates/rescues/template_error.erb within rescues/layout (26.5ms)


Started GET "/movies" for 127.0.0.1 at 2014-11-30 12:47:25 +0530
Processing by MoviesController#index as HTML
  Rendered movies/index.html.haml within layouts/application (1.6ms)
Completed 500 Internal Server Error in 5.5ms

ActionView::Template::Error (undefined method `each' for nil:NilClass):
    3: 
    4: = form_tag movies_path, :method => :get do
    5:   Include:
    6:   - @all_ratings.each do |rating|
    7:     = rating
    8:     = check_box_tag "ratings[#{rating}]"
    9:   = submit_tag 'Refresh'
  app/views/movies/index.html.haml:6:in `block in _app_views_movies_index_html_haml___624514627__632830658'
  app/views/movies/index.html.haml:4:in `_app_views_movies_index_html_haml___624514627__632830658'


  Rendered /home/saasbook/.rvm/gems/ruby-1.9.3-p448/gems/actionpack-3.2.18/lib/action_dispatch/middleware/templates/rescues/_trace.erb (1.3ms)
  Rendered /home/saasbook/.rvm/gems/ruby-1.9.3-p448/gems/actionpack-3.2.18/lib/action_dispatch/middleware/templates/rescues/_request_and_response.erb (3.5ms)
  Rendered /home/saasbook/.rvm/gems/ruby-1.9.3-p448/gems/actionpack-3.2.18/lib/action_dispatch/middleware/templates/rescues/template_error.erb within rescues/layout (12.9ms)


Started GET "/movies" for 127.0.0.1 at 2014-11-30 12:47:49 +0530
Processing by MoviesController#index as HTML
  Rendered movies/index.html.haml within layouts/application (1.1ms)
Completed 500 Internal Server Error in 8.2ms

ActionView::Template::Error (undefined method `each' for nil:NilClass):
    3: 
    4: = form_tag movies_path, :method => :get do
    5:   Include:
    6:   - @all_ratings.each do |rating|
    7:     = rating
    8:     = check_box_tag "ratings[#{rating}]"
    9:   = submit_tag 'Refresh'
  app/views/movies/index.html.haml:6:in `block in _app_views_movies_index_html_haml___624514627__632830658'
  app/views/movies/index.html.haml:4:in `_app_views_movies_index_html_haml___624514627__632830658'


  Rendered /home/saasbook/.rvm/gems/ruby-1.9.3-p448/gems/actionpack-3.2.18/lib/action_dispatch/middleware/templates/rescues/_trace.erb (32.3ms)
  Rendered /home/saasbook/.rvm/gems/ruby-1.9.3-p448/gems/actionpack-3.2.18/lib/action_dispatch/middleware/templates/rescues/_request_and_response.erb (1.6ms)
  Rendered /home/saasbook/.rvm/gems/ruby-1.9.3-p448/gems/actionpack-3.2.18/lib/action_dispatch/middleware/templates/rescues/template_error.erb within rescues/layout (40.3ms)


Started GET "/movies" for 127.0.0.1 at 2014-11-30 12:47:50 +0530
Processing by MoviesController#index as HTML
  Rendered movies/index.html.haml within layouts/application (3.0ms)
Completed 500 Internal Server Error in 12.3ms

ActionView::Template::Error (undefined method `each' for nil:NilClass):
    3: 
    4: = form_tag movies_path, :method => :get do
    5:   Include:
    6:   - @all_ratings.each do |rating|
    7:     = rating
    8:     = check_box_tag "ratings[#{rating}]"
    9:   = submit_tag 'Refresh'
  app/views/movies/index.html.haml:6:in `block in _app_views_movies_index_html_haml___624514627__632830658'
  app/views/movies/index.html.haml:4:in `_app_views_movies_index_html_haml___624514627__632830658'


  Rendered /home/saasbook/.rvm/gems/ruby-1.9.3-p448/gems/actionpack-3.2.18/lib/action_dispatch/middleware/templates/rescues/_trace.erb (1.4ms)
  Rendered /home/saasbook/.rvm/gems/ruby-1.9.3-p448/gems/actionpack-3.2.18/lib/action_dispatch/middleware/templates/rescues/_request_and_response.erb (1.0ms)
  Rendered /home/saasbook/.rvm/gems/ruby-1.9.3-p448/gems/actionpack-3.2.18/lib/action_dispatch/middleware/templates/rescues/template_error.erb within rescues/layout (27.5ms)


Started GET "/movies" for 127.0.0.1 at 2014-11-30 12:47:50 +0530
Processing by MoviesController#index as HTML
  Rendered movies/index.html.haml within layouts/application (1.0ms)
Completed 500 Internal Server Error in 6.0ms

ActionView::Template::Error (undefined method `each' for nil:NilClass):
    3: 
    4: = form_tag movies_path, :method => :get do
    5:   Include:
    6:   - @all_ratings.each do |rating|
    7:     = rating
    8:     = check_box_tag "ratings[#{rating}]"
    9:   = submit_tag 'Refresh'
  app/views/movies/index.html.haml:6:in `block in _app_views_movies_index_html_haml___624514627__632830658'
  app/views/movies/index.html.haml:4:in `_app_views_movies_index_html_haml___624514627__632830658'


  Rendered /home/saasbook/.rvm/gems/ruby-1.9.3-p448/gems/actionpack-3.2.18/lib/action_dispatch/middleware/templates/rescues/_trace.erb (7.7ms)
  Rendered /home/saasbook/.rvm/gems/ruby-1.9.3-p448/gems/actionpack-3.2.18/lib/action_dispatch/middleware/templates/rescues/_request_and_response.erb (0.7ms)
  Rendered /home/saasbook/.rvm/gems/ruby-1.9.3-p448/gems/actionpack-3.2.18/lib/action_dispatch/middleware/templates/rescues/template_error.erb within rescues/layout (28.1ms)


Started GET "/movies" for 127.0.0.1 at 2014-11-30 12:47:50 +0530
Processing by MoviesController#index as HTML
  Rendered movies/index.html.haml within layouts/application (1.0ms)
Completed 500 Internal Server Error in 2.7ms

ActionView::Template::Error (undefined method `each' for nil:NilClass):
    3: 
    4: = form_tag movies_path, :method => :get do
    5:   Include:
    6:   - @all_ratings.each do |rating|
    7:     = rating
    8:     = check_box_tag "ratings[#{rating}]"
    9:   = submit_tag 'Refresh'
  app/views/movies/index.html.haml:6:in `block in _app_views_movies_index_html_haml___624514627__632830658'
  app/views/movies/index.html.haml:4:in `_app_views_movies_index_html_haml___624514627__632830658'


  Rendered /home/saasbook/.rvm/gems/ruby-1.9.3-p448/gems/actionpack-3.2.18/lib/action_dispatch/middleware/templates/rescues/_trace.erb (1.2ms)
  Rendered /home/saasbook/.rvm/gems/ruby-1.9.3-p448/gems/actionpack-3.2.18/lib/action_dispatch/middleware/templates/rescues/_request_and_response.erb (1.4ms)
  Rendered /home/saasbook/.rvm/gems/ruby-1.9.3-p448/gems/actionpack-3.2.18/lib/action_dispatch/middleware/templates/rescues/template_error.erb within rescues/layout (16.7ms)


Started GET "/movies" for 127.0.0.1 at 2014-11-30 12:47:51 +0530
Processing by MoviesController#index as HTML
  Rendered movies/index.html.haml within layouts/application (1.1ms)
Completed 500 Internal Server Error in 5.5ms

ActionView::Template::Error (undefined method `each' for nil:NilClass):
    3: 
    4: = form_tag movies_path, :method => :get do
    5:   Include:
    6:   - @all_ratings.each do |rating|
    7:     = rating
    8:     = check_box_tag "ratings[#{rating}]"
    9:   = submit_tag 'Refresh'
  app/views/movies/index.html.haml:6:in `block in _app_views_movies_index_html_haml___624514627__632830658'
  app/views/movies/index.html.haml:4:in `_app_views_movies_index_html_haml___624514627__632830658'


  Rendered /home/saasbook/.rvm/gems/ruby-1.9.3-p448/gems/actionpack-3.2.18/lib/action_dispatch/middleware/templates/rescues/_trace.erb (1.4ms)
  Rendered /home/saasbook/.rvm/gems/ruby-1.9.3-p448/gems/actionpack-3.2.18/lib/action_dispatch/middleware/templates/rescues/_request_and_response.erb (0.5ms)
  Rendered /home/saasbook/.rvm/gems/ruby-1.9.3-p448/gems/actionpack-3.2.18/lib/action_dispatch/middleware/templates/rescues/template_error.erb within rescues/layout (12.2ms)


Started GET "/movies" for 127.0.0.1 at 2014-11-30 12:47:51 +0530
Processing by MoviesController#index as HTML
  Rendered movies/index.html.haml within layouts/application (1.1ms)
Completed 500 Internal Server Error in 2.8ms

ActionView::Template::Error (undefined method `each' for nil:NilClass):
    3: 
    4: = form_tag movies_path, :method => :get do
    5:   Include:
    6:   - @all_ratings.each do |rating|
    7:     = rating
    8:     = check_box_tag "ratings[#{rating}]"
    9:   = submit_tag 'Refresh'
  app/views/movies/index.html.haml:6:in `block in _app_views_movies_index_html_haml___624514627__632830658'
  app/views/movies/index.html.haml:4:in `_app_views_movies_index_html_haml___624514627__632830658'


  Rendered /home/saasbook/.rvm/gems/ruby-1.9.3-p448/gems/actionpack-3.2.18/lib/action_dispatch/middleware/templates/rescues/_trace.erb (4.1ms)
  Rendered /home/saasbook/.rvm/gems/ruby-1.9.3-p448/gems/actionpack-3.2.18/lib/action_dispatch/middleware/templates/rescues/_request_and_response.erb (5.9ms)
  Rendered /home/saasbook/.rvm/gems/ruby-1.9.3-p448/gems/actionpack-3.2.18/lib/action_dispatch/middleware/templates/rescues/template_error.erb within rescues/layout (25.3ms)


Started GET "/movies" for 127.0.0.1 at 2014-11-30 12:47:51 +0530
Processing by MoviesController#index as HTML
  Rendered movies/index.html.haml within layouts/application (1.1ms)
Completed 500 Internal Server Error in 11.2ms

ActionView::Template::Error (undefined method `each' for nil:NilClass):
    3: 
    4: = form_tag movies_path, :method => :get do
    5:   Include:
    6:   - @all_ratings.each do |rating|
    7:     = rating
    8:     = check_box_tag "ratings[#{rating}]"
    9:   = submit_tag 'Refresh'
  app/views/movies/index.html.haml:6:in `block in _app_views_movies_index_html_haml___624514627__632830658'
  app/views/movies/index.html.haml:4:in `_app_views_movies_index_html_haml___624514627__632830658'


  Rendered /home/saasbook/.rvm/gems/ruby-1.9.3-p448/gems/actionpack-3.2.18/lib/action_dispatch/middleware/templates/rescues/_trace.erb (1.4ms)
  Rendered /home/saasbook/.rvm/gems/ruby-1.9.3-p448/gems/actionpack-3.2.18/lib/action_dispatch/middleware/templates/rescues/_request_and_response.erb (1.5ms)
  Rendered /home/saasbook/.rvm/gems/ruby-1.9.3-p448/gems/actionpack-3.2.18/lib/action_dispatch/middleware/templates/rescues/template_error.erb within rescues/layout (24.4ms)


Started GET "/movies" for 127.0.0.1 at 2014-11-30 12:48:53 +0530
Processing by MoviesController#index as HTML
  Rendered movies/index.html.haml within layouts/application (4.0ms)
Completed 500 Internal Server Error in 8.7ms

ActionView::Template::Error (undefined method `each' for nil:NilClass):
    3: 
    4: = form_tag movies_path, :method => :get do
    5:   Include:
    6:   - @all_ratings.each do |rating|
    7:     = rating
    8:     = check_box_tag "ratings[#{rating}]"
    9:   = submit_tag 'Refresh'
  app/views/movies/index.html.haml:6:in `block in _app_views_movies_index_html_haml___624514627__632830658'
  app/views/movies/index.html.haml:4:in `_app_views_movies_index_html_haml___624514627__632830658'


  Rendered /home/saasbook/.rvm/gems/ruby-1.9.3-p448/gems/actionpack-3.2.18/lib/action_dispatch/middleware/templates/rescues/_trace.erb (3.2ms)
  Rendered /home/saasbook/.rvm/gems/ruby-1.9.3-p448/gems/actionpack-3.2.18/lib/action_dispatch/middleware/templates/rescues/_request_and_response.erb (1.0ms)
  Rendered /home/saasbook/.rvm/gems/ruby-1.9.3-p448/gems/actionpack-3.2.18/lib/action_dispatch/middleware/templates/rescues/template_error.erb within rescues/layout (53.9ms)


Started GET "/movies" for 127.0.0.1 at 2014-11-30 12:48:54 +0530
Processing by MoviesController#index as HTML
  Rendered movies/index.html.haml within layouts/application (1.2ms)
Completed 500 Internal Server Error in 3.4ms

ActionView::Template::Error (undefined method `each' for nil:NilClass):
    3: 
    4: = form_tag movies_path, :method => :get do
    5:   Include:
    6:   - @all_ratings.each do |rating|
    7:     = rating
    8:     = check_box_tag "ratings[#{rating}]"
    9:   = submit_tag 'Refresh'
  app/views/movies/index.html.haml:6:in `block in _app_views_movies_index_html_haml___624514627__632830658'
  app/views/movies/index.html.haml:4:in `_app_views_movies_index_html_haml___624514627__632830658'


  Rendered /home/saasbook/.rvm/gems/ruby-1.9.3-p448/gems/actionpack-3.2.18/lib/action_dispatch/middleware/templates/rescues/_trace.erb (1.3ms)
  Rendered /home/saasbook/.rvm/gems/ruby-1.9.3-p448/gems/actionpack-3.2.18/lib/action_dispatch/middleware/templates/rescues/_request_and_response.erb (0.6ms)
  Rendered /home/saasbook/.rvm/gems/ruby-1.9.3-p448/gems/actionpack-3.2.18/lib/action_dispatch/middleware/templates/rescues/template_error.erb within rescues/layout (11.2ms)


Started GET "/movies" for 127.0.0.1 at 2014-11-30 12:58:46 +0530
Processing by MoviesController#index as HTML
  [1m[36mMovie Load (19.2ms)[0m  [1mSELECT "movies".* FROM "movies" [0m
  Rendered movies/index.html.haml within layouts/application (143.3ms)
Completed 200 OK in 275.7ms (Views: 182.5ms | ActiveRecord: 92.8ms)


Started GET "/assets/jquery.js?body=1" for 127.0.0.1 at 2014-11-30 12:58:47 +0530
Served asset /jquery.js - 304 Not Modified (5ms)


Started GET "/assets/jquery_ujs.js?body=1" for 127.0.0.1 at 2014-11-30 12:58:47 +0530
Served asset /jquery_ujs.js - 304 Not Modified (3ms)


Started GET "/assets/application.js?body=1" for 127.0.0.1 at 2014-11-30 12:58:47 +0530
Served asset /application.js - 304 Not Modified (42ms)


Started GET "/assets/application.css?body=1" for 127.0.0.1 at 2014-11-30 12:58:47 +0530
Served asset /application.css - 304 Not Modified (3ms)


Started GET "/movies?id=title_header&sort=title" for 127.0.0.1 at 2014-11-30 12:58:49 +0530
Processing by MoviesController#index as HTML
  Parameters: {"id"=>"title_header", "sort"=>"title"}
  [1m[35mMovie Load (0.3ms)[0m  SELECT "movies".* FROM "movies" ORDER BY title
  Rendered movies/index.html.haml within layouts/application (5.3ms)
Completed 200 OK in 11.9ms (Views: 11.2ms | ActiveRecord: 0.3ms)


Started GET "/assets/application.css?body=1" for 127.0.0.1 at 2014-11-30 12:58:49 +0530
Served asset /application.css - 304 Not Modified (0ms)


Started GET "/assets/jquery.js?body=1" for 127.0.0.1 at 2014-11-30 12:58:49 +0530
Served asset /jquery.js - 304 Not Modified (1ms)


Started GET "/assets/jquery_ujs.js?body=1" for 127.0.0.1 at 2014-11-30 12:58:49 +0530
Served asset /jquery_ujs.js - 304 Not Modified (0ms)


Started GET "/assets/application.js?body=1" for 127.0.0.1 at 2014-11-30 12:58:49 +0530
Served asset /application.js - 304 Not Modified (0ms)


Started GET "/movies?id=title_header&sort=title" for 127.0.0.1 at 2014-11-30 12:58:50 +0530
Processing by MoviesController#index as HTML
  Parameters: {"id"=>"title_header", "sort"=>"title"}
  [1m[36mMovie Load (0.3ms)[0m  [1mSELECT "movies".* FROM "movies" ORDER BY title[0m
  Rendered movies/index.html.haml within layouts/application (13.2ms)
Completed 200 OK in 25.9ms (Views: 25.3ms | ActiveRecord: 0.3ms)


Started GET "/assets/application.css?body=1" for 127.0.0.1 at 2014-11-30 12:58:50 +0530
Served asset /application.css - 304 Not Modified (0ms)


Started GET "/assets/jquery.js?body=1" for 127.0.0.1 at 2014-11-30 12:58:50 +0530
Served asset /jquery.js - 304 Not Modified (0ms)


Started GET "/assets/jquery_ujs.js?body=1" for 127.0.0.1 at 2014-11-30 12:58:50 +0530
Served asset /jquery_ujs.js - 304 Not Modified (0ms)


Started GET "/assets/application.js?body=1" for 127.0.0.1 at 2014-11-30 12:58:50 +0530
Served asset /application.js - 304 Not Modified (4ms)


Started GET "/movies?sort=release_date" for 127.0.0.1 at 2014-11-30 12:58:52 +0530
Processing by MoviesController#index as HTML
  Parameters: {"sort"=>"release_date"}
  [1m[35mMovie Load (0.2ms)[0m  SELECT "movies".* FROM "movies" ORDER BY release_date
  Rendered movies/index.html.haml within layouts/application (15.2ms)
Completed 200 OK in 19.6ms (Views: 19.0ms | ActiveRecord: 0.2ms)


Started GET "/assets/application.css?body=1" for 127.0.0.1 at 2014-11-30 12:58:52 +0530
Served asset /application.css - 304 Not Modified (0ms)


Started GET "/assets/jquery.js?body=1" for 127.0.0.1 at 2014-11-30 12:58:52 +0530
Served asset /jquery.js - 304 Not Modified (3ms)


Started GET "/assets/jquery_ujs.js?body=1" for 127.0.0.1 at 2014-11-30 12:58:52 +0530
Served asset /jquery_ujs.js - 304 Not Modified (0ms)


Started GET "/assets/application.js?body=1" for 127.0.0.1 at 2014-11-30 12:58:52 +0530
Served asset /application.js - 304 Not Modified (0ms)


Started GET "/movies?sort=release_date" for 127.0.0.1 at 2014-11-30 13:02:18 +0530
Processing by MoviesController#index as HTML
  Parameters: {"sort"=>"release_date"}
  [1m[36mMovie Load (0.2ms)[0m  [1mSELECT "movies".* FROM "movies" ORDER BY release_date[0m
  Rendered movies/index.html.haml within layouts/application (18.1ms)
Compiled application.css  (0ms)  (pid 28633)
Completed 200 OK in 52.7ms (Views: 50.0ms | ActiveRecord: 2.0ms)


Started GET "/assets/application.css?body=1" for 127.0.0.1 at 2014-11-30 13:02:18 +0530
Served asset /application.css - 200 OK (4ms)


Started GET "/assets/jquery.js?body=1" for 127.0.0.1 at 2014-11-30 13:02:18 +0530
Served asset /jquery.js - 304 Not Modified (0ms)


Started GET "/assets/jquery_ujs.js?body=1" for 127.0.0.1 at 2014-11-30 13:02:18 +0530
Served asset /jquery_ujs.js - 304 Not Modified (0ms)


Started GET "/assets/application.js?body=1" for 127.0.0.1 at 2014-11-30 13:02:18 +0530
Served asset /application.js - 304 Not Modified (0ms)


Started GET "/movies?id=title_header&sort=title" for 127.0.0.1 at 2014-11-30 13:02:20 +0530
Processing by MoviesController#index as HTML
  Parameters: {"id"=>"title_header", "sort"=>"title"}
  [1m[35mMovie Load (0.3ms)[0m  SELECT "movies".* FROM "movies" ORDER BY title
  Rendered movies/index.html.haml within layouts/application (16.1ms)
Completed 200 OK in 56.1ms (Views: 55.5ms | ActiveRecord: 0.3ms)


Started GET "/assets/application.css?body=1" for 127.0.0.1 at 2014-11-30 13:02:20 +0530
Served asset /application.css - 304 Not Modified (0ms)


Started GET "/assets/jquery.js?body=1" for 127.0.0.1 at 2014-11-30 13:02:20 +0530
Served asset /jquery.js - 304 Not Modified (3ms)


Started GET "/assets/jquery_ujs.js?body=1" for 127.0.0.1 at 2014-11-30 13:02:20 +0530
Served asset /jquery_ujs.js - 304 Not Modified (2ms)


Started GET "/assets/application.js?body=1" for 127.0.0.1 at 2014-11-30 13:02:20 +0530
Served asset /application.js - 304 Not Modified (3ms)


Started GET "/movies?sort=release_date" for 127.0.0.1 at 2014-11-30 13:02:22 +0530
Processing by MoviesController#index as HTML
  Parameters: {"sort"=>"release_date"}
  [1m[36mMovie Load (0.3ms)[0m  [1mSELECT "movies".* FROM "movies" ORDER BY release_date[0m
  Rendered movies/index.html.haml within layouts/application (7.3ms)
Completed 200 OK in 20.8ms (Views: 20.3ms | ActiveRecord: 0.3ms)


Started GET "/assets/application.css?body=1" for 127.0.0.1 at 2014-11-30 13:02:22 +0530
Served asset /application.css - 304 Not Modified (0ms)


Started GET "/assets/jquery.js?body=1" for 127.0.0.1 at 2014-11-30 13:02:22 +0530
Served asset /jquery.js - 304 Not Modified (2ms)


Started GET "/assets/jquery_ujs.js?body=1" for 127.0.0.1 at 2014-11-30 13:02:22 +0530
Served asset /jquery_ujs.js - 304 Not Modified (0ms)


Started GET "/assets/application.js?body=1" for 127.0.0.1 at 2014-11-30 13:02:22 +0530
Served asset /application.js - 304 Not Modified (3ms)


Started GET "/movies" for 127.0.0.1 at 2014-11-30 22:48:10 +0530
Processing by MoviesController#index as HTML
  [1m[35mMovie Load (0.3ms)[0m  SELECT "movies".* FROM "movies" WHERE "movies"."rating" IN ('G', 'PG', 'PG-13', 'NC-17', 'R')
  Rendered movies/index.html.haml within layouts/application (46.8ms)
Completed 200 OK in 195.8ms (Views: 130.8ms | ActiveRecord: 6.9ms)


Started GET "/assets/application.js?body=1" for 127.0.0.1 at 2014-11-30 22:48:11 +0530
Served asset /application.js - 304 Not Modified (1ms)


Started GET "/assets/jquery.js?body=1" for 127.0.0.1 at 2014-11-30 22:48:11 +0530
Served asset /jquery.js - 304 Not Modified (1ms)


Started GET "/assets/jquery_ujs.js?body=1" for 127.0.0.1 at 2014-11-30 22:48:11 +0530
Served asset /jquery_ujs.js - 304 Not Modified (0ms)


Started GET "/assets/application.css?body=1" for 127.0.0.1 at 2014-11-30 22:48:11 +0530
Served asset /application.css - 304 Not Modified (53ms)


Started GET "/movies?ratings%5BG%5D=G&ratings%5BNC-17%5D=NC-17&ratings%5BPG%5D=PG&ratings%5BPG-13%5D=PG-13&ratings%5BR%5D=R&sort=title" for 127.0.0.1 at 2014-11-30 22:48:13 +0530
Processing by MoviesController#index as HTML
  Parameters: {"ratings"=>{"G"=>"G", "NC-17"=>"NC-17", "PG"=>"PG", "PG-13"=>"PG-13", "R"=>"R"}, "sort"=>"title"}
Redirected to http://0.0.0.0:3000/movies?ratings%5BG%5D=G&ratings%5BNC-17%5D=NC-17&ratings%5BPG%5D=PG&ratings%5BPG-13%5D=PG-13&ratings%5BR%5D=R&sort=title
Completed 302 Found in 12.8ms (ActiveRecord: 0.0ms)


Started GET "/movies?ratings%5BG%5D=G&ratings%5BNC-17%5D=NC-17&ratings%5BPG%5D=PG&ratings%5BPG-13%5D=PG-13&ratings%5BR%5D=R&sort=title" for 127.0.0.1 at 2014-11-30 22:48:13 +0530
Processing by MoviesController#index as HTML
  Parameters: {"ratings"=>{"G"=>"G", "NC-17"=>"NC-17", "PG"=>"PG", "PG-13"=>"PG-13", "R"=>"R"}, "sort"=>"title"}
  [1m[36mMovie Load (0.3ms)[0m  [1mSELECT "movies".* FROM "movies" WHERE "movies"."rating" IN ('G', 'NC-17', 'PG', 'PG-13', 'R') ORDER BY title[0m
  Rendered movies/index.html.haml within layouts/application (21.0ms)
Completed 200 OK in 39.5ms (Views: 35.4ms | ActiveRecord: 0.3ms)


Started GET "/assets/application.css?body=1" for 127.0.0.1 at 2014-11-30 22:48:13 +0530
Served asset /application.css - 304 Not Modified (0ms)


Started GET "/assets/jquery.js?body=1" for 127.0.0.1 at 2014-11-30 22:48:13 +0530
Served asset /jquery.js - 304 Not Modified (2ms)


Started GET "/assets/jquery_ujs.js?body=1" for 127.0.0.1 at 2014-11-30 22:48:13 +0530
Served asset /jquery_ujs.js - 304 Not Modified (0ms)


Started GET "/assets/application.js?body=1" for 127.0.0.1 at 2014-11-30 22:48:13 +0530
Served asset /application.js - 304 Not Modified (1ms)


Started GET "/movies?ratings%5BG%5D=G&ratings%5BNC-17%5D=NC-17&ratings%5BPG%5D=PG&ratings%5BPG-13%5D=PG-13&ratings%5BR%5D=R&sort=release_date" for 127.0.0.1 at 2014-11-30 22:48:15 +0530
Processing by MoviesController#index as HTML
  Parameters: {"ratings"=>{"G"=>"G", "NC-17"=>"NC-17", "PG"=>"PG", "PG-13"=>"PG-13", "R"=>"R"}, "sort"=>"release_date"}
Redirected to http://0.0.0.0:3000/movies?ratings%5BG%5D=G&ratings%5BNC-17%5D=NC-17&ratings%5BPG%5D=PG&ratings%5BPG-13%5D=PG-13&ratings%5BR%5D=R&sort=release_date
Completed 302 Found in 3.6ms (ActiveRecord: 0.0ms)


Started GET "/movies?ratings%5BG%5D=G&ratings%5BNC-17%5D=NC-17&ratings%5BPG%5D=PG&ratings%5BPG-13%5D=PG-13&ratings%5BR%5D=R&sort=release_date" for 127.0.0.1 at 2014-11-30 22:48:15 +0530
Processing by MoviesController#index as HTML
  Parameters: {"ratings"=>{"G"=>"G", "NC-17"=>"NC-17", "PG"=>"PG", "PG-13"=>"PG-13", "R"=>"R"}, "sort"=>"release_date"}
  [1m[35mMovie Load (0.3ms)[0m  SELECT "movies".* FROM "movies" WHERE "movies"."rating" IN ('G', 'NC-17', 'PG', 'PG-13', 'R') ORDER BY release_date
  Rendered movies/index.html.haml within layouts/application (76.6ms)
Completed 200 OK in 86.4ms (Views: 83.8ms | ActiveRecord: 0.3ms)


Started GET "/assets/application.css?body=1" for 127.0.0.1 at 2014-11-30 22:48:15 +0530
Served asset /application.css - 304 Not Modified (0ms)


Started GET "/assets/jquery.js?body=1" for 127.0.0.1 at 2014-11-30 22:48:15 +0530
Served asset /jquery.js - 304 Not Modified (0ms)


Started GET "/assets/jquery_ujs.js?body=1" for 127.0.0.1 at 2014-11-30 22:48:15 +0530
Served asset /jquery_ujs.js - 304 Not Modified (0ms)


Started GET "/assets/application.js?body=1" for 127.0.0.1 at 2014-11-30 22:48:15 +0530
Served asset /application.js - 304 Not Modified (1ms)


Started GET "/movies?utf8=%E2%9C%93&%3Arelease_date_sort=true&ratings%5BG%5D=1&ratings%5BPG%5D=1&ratings%5BPG-13%5D=1&ratings%5BNC-17%5D=1&commit=Refresh" for 127.0.0.1 at 2014-11-30 22:48:18 +0530
Processing by MoviesController#index as HTML
  Parameters: {"utf8"=>"✓", ":release_date_sort"=>"true", "ratings"=>{"G"=>"1", "PG"=>"1", "PG-13"=>"1", "NC-17"=>"1"}, "commit"=>"Refresh"}
Redirected to http://0.0.0.0:3000/movies?ratings%5BG%5D=1&ratings%5BNC-17%5D=1&ratings%5BPG%5D=1&ratings%5BPG-13%5D=1&sort=release_date
Completed 302 Found in 1.3ms (ActiveRecord: 0.0ms)


Started GET "/movies?ratings%5BG%5D=1&ratings%5BNC-17%5D=1&ratings%5BPG%5D=1&ratings%5BPG-13%5D=1&sort=release_date" for 127.0.0.1 at 2014-11-30 22:48:19 +0530
Processing by MoviesController#index as HTML
  Parameters: {"ratings"=>{"G"=>"1", "NC-17"=>"1", "PG"=>"1", "PG-13"=>"1"}, "sort"=>"release_date"}
  [1m[36mMovie Load (0.3ms)[0m  [1mSELECT "movies".* FROM "movies" WHERE "movies"."rating" IN ('G', 'NC-17', 'PG', 'PG-13') ORDER BY release_date[0m
  Rendered movies/index.html.haml within layouts/application (5.8ms)
Completed 200 OK in 11.6ms (Views: 10.0ms | ActiveRecord: 0.3ms)


Started GET "/assets/application.css?body=1" for 127.0.0.1 at 2014-11-30 22:48:19 +0530
Served asset /application.css - 304 Not Modified (0ms)


Started GET "/assets/jquery.js?body=1" for 127.0.0.1 at 2014-11-30 22:48:19 +0530
Served asset /jquery.js - 304 Not Modified (4ms)


Started GET "/assets/jquery_ujs.js?body=1" for 127.0.0.1 at 2014-11-30 22:48:19 +0530
Served asset /jquery_ujs.js - 304 Not Modified (0ms)


Started GET "/assets/application.js?body=1" for 127.0.0.1 at 2014-11-30 22:48:19 +0530
Served asset /application.js - 304 Not Modified (1ms)
